# JRE version: Java(TM) SE Runtime Environment (8.0_202-b08) (build 1.8.0_202-b08)
# Java VM: Java HotSpot(TM) 64-Bit Server VM (25.202-b08 mixed mode windows-amd64 compressed oops)
Heap:
 PSYoungGen      total 37376K, used 29551K [0x00000000d6200000, 0x00000000d9080000, 0x0000000100000000)
  eden space 32256K, 75% used [0x00000000d6200000,0x00000000d79df988,0x00000000d8180000)
  from space 5120K, 99% used [0x00000000d8200000,0x00000000d86fc5e0,0x00000000d8700000)
  to   space 7680K, 0% used [0x00000000d8900000,0x00000000d8900000,0x00000000d9080000)
 ParOldGen       total 86016K, used 2173K [0x0000000082600000, 0x0000000087a00000, 0x00000000d6200000)
  object space 86016K, 2% used [0x0000000082600000,0x000000008281f6e0,0x0000000087a00000)
 Metaspace       used 20322K, capacity 20494K, committed 20864K, reserved 1067008K
  class space    used 2591K, capacity 2667K, committed 2688K, reserved 1048576K
GC Heap History (10 events):
Event: 7.066 GC heap before
{Heap before GC invocations=1 (full 0):
 PSYoungGen      total 37888K, used 32753K [0x00000000d6200000, 0x00000000d8c00000, 0x0000000100000000)
  eden space 32768K, 99% used [0x00000000d6200000,0x00000000d81fc470,0x00000000d8200000)
  from space 5120K, 0% used [0x00000000d8700000,0x00000000d8700000,0x00000000d8c00000)
  to   space 5120K, 0% used [0x00000000d8200000,0x00000000d8200000,0x00000000d8700000)
 ParOldGen       total 86016K, used 0K [0x0000000082600000, 0x0000000087a00000, 0x00000000d6200000)
  object space 86016K, 0% used [0x0000000082600000,0x0000000082600000,0x0000000087a00000)
 Metaspace       used 5703K, capacity 5888K, committed 6144K, reserved 1056768K
  class space    used 633K, capacity 688K, committed 768K, reserved 1048576K
Event: 7.071 GC heap after
Heap after GC invocations=1 (full 0):
 PSYoungGen      total 37888K, used 2694K [0x00000000d6200000, 0x00000000d8c00000, 0x0000000100000000)
  eden space 32768K, 0% used [0x00000000d6200000,0x00000000d6200000,0x00000000d8200000)
  from space 5120K, 52% used [0x00000000d8200000,0x00000000d84a1b48,0x00000000d8700000)
  to   space 5120K, 0% used [0x00000000d8700000,0x00000000d8700000,0x00000000d8c00000)
 ParOldGen       total 86016K, used 16K [0x0000000082600000, 0x0000000087a00000, 0x00000000d6200000)
  object space 86016K, 0% used [0x0000000082600000,0x0000000082604000,0x0000000087a00000)
 Metaspace       used 5703K, capacity 5888K, committed 6144K, reserved 1056768K
  class space    used 633K, capacity 688K, committed 768K, reserved 1048576K
}
Event: 12.971 GC heap before
{Heap before GC invocations=2 (full 0):
 PSYoungGen      total 37888K, used 35457K [0x00000000d6200000, 0x00000000d8c00000, 0x0000000100000000)
  eden space 32768K, 99% used [0x00000000d6200000,0x00000000d81feb18,0x00000000d8200000)
  from space 5120K, 52% used [0x00000000d8200000,0x00000000d84a1b48,0x00000000d8700000)
  to   space 5120K, 0% used [0x00000000d8700000,0x00000000d8700000,0x00000000d8c00000)
 ParOldGen       total 86016K, used 16K [0x0000000082600000, 0x0000000087a00000, 0x00000000d6200000)
  object space 86016K, 0% used [0x0000000082600000,0x0000000082604000,0x0000000087a00000)
 Metaspace       used 5712K, capacity 5888K, committed 6144K, reserved 1056768K
  class space    used 633K, capacity 688K, committed 768K, reserved 1048576K
Event: 12.976 GC heap after
Heap after GC invocations=2 (full 0):
 PSYoungGen      total 37888K, used 1584K [0x00000000d6200000, 0x00000000d8c00000, 0x0000000100000000)
  eden space 32768K, 0% used [0x00000000d6200000,0x00000000d6200000,0x00000000d8200000)
  from space 5120K, 30% used [0x00000000d8700000,0x00000000d888c010,0x00000000d8c00000)
  to   space 5120K, 0% used [0x00000000d8200000,0x00000000d8200000,0x00000000d8700000)
 ParOldGen       total 86016K, used 24K [0x0000000082600000, 0x0000000087a00000, 0x00000000d6200000)
  object space 86016K, 0% used [0x0000000082600000,0x0000000082606000,0x0000000087a00000)
 Metaspace       used 5712K, capacity 5888K, committed 6144K, reserved 1056768K
  class space    used 633K, capacity 688K, committed 768K, reserved 1048576K
}
Event: 19.334 GC heap before
{Heap before GC invocations=3 (full 0):
 PSYoungGen      total 37888K, used 34352K [0x00000000d6200000, 0x00000000d8c00000, 0x0000000100000000)
  eden space 32768K, 100% used [0x00000000d6200000,0x00000000d8200000,0x00000000d8200000)
  from space 5120K, 30% used [0x00000000d8700000,0x00000000d888c010,0x00000000d8c00000)
  to   space 5120K, 0% used [0x00000000d8200000,0x00000000d8200000,0x00000000d8700000)
 ParOldGen       total 86016K, used 24K [0x0000000082600000, 0x0000000087a00000, 0x00000000d6200000)
  object space 86016K, 0% used [0x0000000082600000,0x0000000082606000,0x0000000087a00000)
 Metaspace       used 5716K, capacity 5888K, committed 6144K, reserved 1056768K
  class space    used 633K, capacity 688K, committed 768K, reserved 1048576K
Event: 19.336 GC heap after
Heap after GC invocations=3 (full 0):
 PSYoungGen      total 37888K, used 1584K [0x00000000d6200000, 0x00000000d8c00000, 0x0000000100000000)
  eden space 32768K, 0% used [0x00000000d6200000,0x00000000d6200000,0x00000000d8200000)
  from space 5120K, 30% used [0x00000000d8200000,0x00000000d838c030,0x00000000d8700000)
  to   space 5120K, 0% used [0x00000000d8700000,0x00000000d8700000,0x00000000d8c00000)
 ParOldGen       total 86016K, used 32K [0x0000000082600000, 0x0000000087a00000, 0x00000000d6200000)
  object space 86016K, 0% used [0x0000000082600000,0x0000000082608000,0x0000000087a00000)
 Metaspace       used 5716K, capacity 5888K, committed 6144K, reserved 1056768K
  class space    used 633K, capacity 688K, committed 768K, reserved 1048576K
}
Event: 21.975 GC heap before
{Heap before GC invocations=4 (full 0):
 PSYoungGen      total 37888K, used 34352K [0x00000000d6200000, 0x00000000d8c00000, 0x0000000100000000)
  eden space 32768K, 100% used [0x00000000d6200000,0x00000000d8200000,0x00000000d8200000)
  from space 5120K, 30% used [0x00000000d8200000,0x00000000d838c030,0x00000000d8700000)
  to   space 5120K, 0% used [0x00000000d8700000,0x00000000d8700000,0x00000000d8c00000)
 ParOldGen       total 86016K, used 32K [0x0000000082600000, 0x0000000087a00000, 0x00000000d6200000)
  object space 86016K, 0% used [0x0000000082600000,0x0000000082608000,0x0000000087a00000)
 Metaspace       used 13924K, capacity 14060K, committed 14336K, reserved 1062912K
  class space    used 1727K, capacity 1788K, committed 1792K, reserved 1048576K
Event: 21.980 GC heap after
Heap after GC invocations=4 (full 0):
 PSYoungGen      total 37888K, used 5113K [0x00000000d6200000, 0x00000000d8c00000, 0x0000000100000000)
  eden space 32768K, 0% used [0x00000000d6200000,0x00000000d6200000,0x00000000d8200000)
  from space 5120K, 99% used [0x00000000d8700000,0x00000000d8bfe4a0,0x00000000d8c00000)
  to   space 5120K, 0% used [0x00000000d8200000,0x00000000d8200000,0x00000000d8700000)
 ParOldGen       total 86016K, used 938K [0x0000000082600000, 0x0000000087a00000, 0x00000000d6200000)
  object space 86016K, 1% used [0x0000000082600000,0x00000000826ea830,0x0000000087a00000)
 Metaspace       used 13924K, capacity 14060K, committed 14336K, reserved 1062912K
  class space    used 1727K, capacity 1788K, committed 1792K, reserved 1048576K
}
Event: 24.823 GC heap before
{Heap before GC invocations=5 (full 0):
 PSYoungGen      total 37888K, used 37881K [0x00000000d6200000, 0x00000000d8c00000, 0x0000000100000000)
  eden space 32768K, 100% used [0x00000000d6200000,0x00000000d8200000,0x00000000d8200000)
  from space 5120K, 99% used [0x00000000d8700000,0x00000000d8bfe4a0,0x00000000d8c00000)
  to   space 5120K, 0% used [0x00000000d8200000,0x00000000d8200000,0x00000000d8700000)
 ParOldGen       total 86016K, used 938K [0x0000000082600000, 0x0000000087a00000, 0x00000000d6200000)
  object space 86016K, 1% used [0x0000000082600000,0x00000000826ea830,0x0000000087a00000)
 Metaspace       used 17246K, capacity 17450K, committed 17664K, reserved 1064960K
  class space    used 2213K, capacity 2273K, committed 2304K, reserved 1048576K
Event: 24.831 GC heap after
Heap after GC invocations=5 (full 0):
 PSYoungGen      total 37376K, used 5105K [0x00000000d6200000, 0x00000000d9080000, 0x0000000100000000)
  eden space 32256K, 0% used [0x00000000d6200000,0x00000000d6200000,0x00000000d8180000)
  from space 5120K, 99% used [0x00000000d8200000,0x00000000d86fc5e0,0x00000000d8700000)
  to   space 7680K, 0% used [0x00000000d8900000,0x00000000d8900000,0x00000000d9080000)
 ParOldGen       total 86016K, used 2173K [0x0000000082600000, 0x0000000087a00000, 0x00000000d6200000)
  object space 86016K, 2% used [0x0000000082600000,0x000000008281f6e0,0x0000000087a00000)
 Metaspace       used 17246K, capacity 17450K, committed 17664K, reserved 1064960K
  class space    used 2213K, capacity 2273K, committed 2304K, reserved 1048576K
}

